\BOOKMARK [0][-]{chapter.1}{\376\377\000\332\000v\000o\000d}{}% 1
\BOOKMARK [1][-]{section.1.1}{\376\377\000M\000o\000t\000i\000v\000\341\000c\000i\000a}{chapter.1}% 2
\BOOKMARK [1][-]{section.1.2}{\376\377\000P\000o\000s\000t\000u\000p\000\040\000p\000r\000\341\000c\000e}{chapter.1}% 3
\BOOKMARK [1][-]{section.1.3}{\376\377\000R\000o\000z\000d\000e\000l\000e\000n\000i\000e\000\040\000p\000r\000\341\000c\000e}{chapter.1}% 4
\BOOKMARK [1][-]{section.1.4}{\376\377\000P\000r\000\355\000n\000o\000s\000\040\000p\000r\000\341\000c\000e}{chapter.1}% 5
\BOOKMARK [0][-]{chapter.2}{\376\377\000S\000C\000A\000D\000A\000\040\000s\000y\000s\000t\000\351\000m\000y}{}% 6
\BOOKMARK [1][-]{section.2.1}{\376\377\000Z\000\341\000k\000l\000a\000d\000n\000\375\000\040\000p\000r\000e\000h\001\076\000a\000d\000\040\000I\000o\000T}{chapter.2}% 7
\BOOKMARK [1][-]{section.2.2}{\376\377\000S\000C\000A\000D\000A\000\040\000s\000y\000s\000t\000\351\000m\000y}{chapter.2}% 8
\BOOKMARK [2][-]{subsection.2.2.1}{\376\377\000K\000o\000m\000u\000n\000i\000k\000a\001\015\000n\000\351\000\040\000p\000r\000o\000t\000o\000k\000o\000l\000y}{section.2.2}% 9
\BOOKMARK [0][-]{chapter.3}{\376\377\000E\000m\000u\000l\000\341\000t\000o\000r\000y\000\040\000p\000r\000e\000v\000\341\000d\000z\000k\000y\000\040\000S\000C\000A\000D\000A\000\040\000s\000y\000s\000t\000\351\000m\000o\000v}{}% 10
\BOOKMARK [1][-]{section.3.1}{\376\377\000I\000E\000C\000\040\0006\0000\0008\0007\0000\000-\0005\000-\0001\0000\0004\000\040\000-\000\040\000D\000L\000M\000S\000/\000C\000O\000S\000E\000M}{chapter.3}% 11
\BOOKMARK [2][-]{subsection.3.1.1}{\376\377\000D\000M\000L\000S\000\040\000D\000i\000r\000e\000c\000t\000o\000r}{section.3.1}% 12
\BOOKMARK [2][-]{subsection.3.1.2}{\376\377\000X\000m\000l\000D\000e\000m\000o}{section.3.1}% 13
\BOOKMARK [1][-]{section.3.2}{\376\377\000I\000E\000C\000\040\0006\0000\0008\0007\0000\000-\0005\000-\0001\0000\0004}{chapter.3}% 14
\BOOKMARK [2][-]{subsection.3.2.1}{\376\377\000W\000i\000n\000P\000P\0001\0000\0004}{section.3.2}% 15
\BOOKMARK [2][-]{subsection.3.2.2}{\376\377\000K\000n\000i\001\176\000n\000i\000c\000a\000\040\000O\000p\000e\000n\000M\000U\000C\000\040\000-\000\040\000j\0006\0000\0008\0007\0000}{section.3.2}% 16
\BOOKMARK [2][-]{subsection.3.2.3}{\376\377\000I\000E\000C\000\040\0006\0000\0008\0007\0000\000-\0005\000-\0001\0000\0004\000\040\000C\000l\000i\000e\000n\000t\000/\000S\000e\000r\000v\000e\000r\000\040\000S\000i\000m\000u\000l\000a\000t\000o\000r}{section.3.2}% 17
\BOOKMARK [2][-]{subsection.3.2.4}{\376\377\000Q\000T\000e\000s\000t\000e\000r\000\040\0001\0000\0004}{section.3.2}% 18
\BOOKMARK [1][-]{section.3.3}{\376\377\000Z\000h\000r\000n\000u\000t\000i\000e}{chapter.3}% 19
\BOOKMARK [2][-]{subsection.3.3.1}{\376\377\000D\000L\000M\000S\000/\000C\000O\000S\000E\000M}{section.3.3}% 20
\BOOKMARK [2][-]{subsection.3.3.2}{\376\377\000I\000E\000C\000\040\0006\0000\0008\0007\0000\000-\0005\000-\0001\0000\0004}{section.3.3}% 21
\BOOKMARK [0][-]{chapter.4}{\376\377\000B\000e\000z\000p\000e\001\015\000n\000o\000s\001\145\000\040\000S\000C\000A\000D\000A\000\040\000s\000y\000s\000t\000\351\000m\000o\000v}{}% 22
\BOOKMARK [1][-]{section.4.1}{\376\377\000B\000e\000z\000p\000e\001\015\000n\000o\000s\000t\000n\000\351\000\040\000r\000i\000z\000i\000k\000\341}{chapter.4}% 23
\BOOKMARK [2][-]{subsection.4.1.1}{\376\377\000\332\000t\000o\000k\000y\000\040\000c\000e\000z\000\040\000S\000C\000A\000D\000A\000\040\000k\000a\000n\000\341\000l\000e}{section.4.1}% 24
\BOOKMARK [2][-]{subsection.4.1.2}{\376\377\000\332\000t\000o\000k\000y\000\040\000c\000e\000z\000\040\000k\000o\000n\000c\000o\000v\000\351\000\040\000z\000a\000r\000i\000a\000d\000e\000n\000i\000a}{section.4.1}% 25
\BOOKMARK [1][-]{section.4.2}{\376\377\000T\000y\000p\000y\000\040\000\372\000t\000o\000k\000o\000v}{chapter.4}% 26
\BOOKMARK [2][-]{subsection.4.2.1}{\376\377\000M\000a\000n\000-\000i\000n\000-\000t\000h\000e\000-\000m\000i\000d\000d\000l\000e\000\040\000\372\000t\000o\000k}{section.4.2}% 27
\BOOKMARK [2][-]{subsection.4.2.2}{\376\377\000D\000e\000n\000i\000a\000l\000-\000o\000f\000-\000S\000e\000r\000v\000i\000c\000e\000\040\000\372\000t\000o\000k}{section.4.2}% 28
\BOOKMARK [1][-]{section.4.3}{\376\377\000Z\000a\000z\000n\000a\000m\000e\000n\000a\000n\000\351\000\040\000\372\000t\000o\000k\000y}{chapter.4}% 29
\BOOKMARK [2][-]{subsection.4.3.1}{\376\377\000V\000l\000a\000k\000o\000v\000\375\000\040\000s\000i\000g\000n\000a\000l\000i\000z\000a\001\015\000n\000\375\000\040\000s\000y\000s\000t\000\351\000m\000\040\000C\000S\000X\000\040\000\050\0002\0000\0000\0003\000\051}{section.4.3}% 30
\BOOKMARK [2][-]{subsection.4.3.2}{\376\377\000V\000\375\000p\000a\000d\000o\000k\000\040\000p\000r\000\372\000d\000u\000\040\000v\000\040\000e\000l\000e\000k\000t\000r\000\341\000r\000n\000i\000\040\000v\000\040\000N\000o\000r\000t\000h\000e\000a\000s\000t\000\040\000\050\0002\0000\0000\0003\000\051}{section.4.3}% 31
\BOOKMARK [2][-]{subsection.4.3.3}{\376\377\000S\000t\000u\000x\000n\000e\000t\000\040\001\015\000e\000r\000v\000\040\000\050\0002\0000\0001\0000\000\051}{section.4.3}% 32
\BOOKMARK [2][-]{subsection.4.3.4}{\376\377\000\332\000t\000o\000k\000\040\000n\000a\000\040\000u\000k\000r\000a\000j\000i\000n\000s\000k\000\372\000\040\000e\000l\000e\000k\000t\000r\000\341\000r\000e\001\110\000\040\000\050\0002\0000\0001\0006\000\051}{section.4.3}% 33
\BOOKMARK [1][-]{section.4.4}{\376\377\000Z\000h\000r\000n\000u\000t\000i\000e}{chapter.4}% 34
\BOOKMARK [0][-]{chapter.5}{\376\377\000I\000m\000p\000l\000e\000m\000e\000n\000t\000\341\000c\000i\000a}{}% 35
\BOOKMARK [1][-]{section.5.1}{\376\377\000N\000\341\000v\000r\000h\000\040\000p\000r\000o\000s\000t\000r\000e\000d\000i\000a}{chapter.5}% 36
\BOOKMARK [1][-]{section.5.2}{\376\377\000I\000m\000p\000l\000e\000m\000e\000n\000t\000\341\000c\000i\000a\000\040\000s\000i\000m\000u\000l\000a\001\015\000n\000\351\000h\000o\000\040\000p\000r\000o\000s\000t\000r\000e\000d\000i\000a}{chapter.5}% 37
\BOOKMARK [2][-]{subsection.5.2.1}{\376\377\000P\000o\000p\000i\000s\000\040\000b\000e\000h\000u\000\040\000p\000r\000o\000g\000r\000a\000m\000u}{section.5.2}% 38
\BOOKMARK [2][-]{subsection.5.2.2}{\376\377\000N\000\341\000v\000o\000d\000\040\000n\000a\000\040\000p\000o\000u\001\176\000i\000t\000i\000e}{section.5.2}% 39
\BOOKMARK [1][-]{section.5.3}{\376\377\000T\000e\000s\000t\000o\000v\000a\000n\000i\000e}{chapter.5}% 40
\BOOKMARK [2][-]{subsection.5.3.1}{\376\377\000D\000L\000M\000S\000/\000C\000O\000S\000E\000M}{section.5.3}% 41
\BOOKMARK [2][-]{subsection.5.3.2}{\376\377\000I\000E\000C\000\040\0001\0000\0004}{section.5.3}% 42
\BOOKMARK [0][-]{chapter.6}{\376\377\000D\000e\000t\000e\000k\000c\000i\000a\000\040\000\372\000t\000o\000k\000o\000v\000\040\000n\000a\000\040\000S\000C\000A\000D\000A\000\040\000s\000y\000s\000t\000\351\000m\000y}{}% 43
\BOOKMARK [1][-]{section.6.1}{\376\377\000K\000o\000n\000t\000r\000o\000l\000a\000\040\000a\000\040\000r\000i\000a\000d\000e\000n\000i\000e\000\040\000z\000r\000a\000n\000i\000t\000e\001\076\000n\000o\000s\000t\000\355\000\040\000s\000y\000s\000t\000\351\000m\000u}{chapter.6}% 44
\BOOKMARK [1][-]{section.6.2}{\376\377\000D\000e\000t\000e\000k\000c\000i\000a\000\040\000z\000n\000e\000u\001\176\000i\000t\000i\000a}{chapter.6}% 45
\BOOKMARK [1][-]{section.6.3}{\376\377\000M\000o\000n\000i\000t\000o\000r\000o\000v\000a\000n\000i\000e\000\040\000p\000r\000\355\000s\000t\000u\000p\000u}{chapter.6}% 46
\BOOKMARK [1][-]{section.6.4}{\376\377\000K\000o\000n\000t\000r\000o\000l\000a\000\040\000l\000o\000g\000o\000v\000a\000c\000\355\000c\000h\000\040\000z\000\341\000z\000n\000a\000m\000o\000v}{chapter.6}% 47
\BOOKMARK [0][-]{chapter.7}{\376\377\000Z\000\341\000v\000e\000r}{}% 48
\BOOKMARK [0][-]{chapter*.68}{\376\377\000L\000i\000t\000e\000r\000a\000t\000\372\000r\000a}{}% 49
\BOOKMARK [0][-]{appendix.A}{\376\377\000I\000n\001\141\000t\000a\000l\000\341\000c\000i\000a\000\040\000m\000o\000n\000i\000t\000o\000r\000o\000v\000a\000c\000\355\000c\000h\000\040\000n\000\341\000s\000t\000r\000o\000j\000o\000v}{}% 50
\BOOKMARK [1][-]{section.A.1}{\376\377\000D\000M\000L\000S\000\040\000D\000i\000r\000e\000c\000t\000o\000r}{appendix.A}% 51
\BOOKMARK [1][-]{section.A.2}{\376\377\000X\000m\000l\000D\000e\000m\000o}{appendix.A}% 52
\BOOKMARK [1][-]{section.A.3}{\376\377\000W\000i\000n\000P\000P\0001\0000\0004}{appendix.A}% 53
\BOOKMARK [1][-]{section.A.4}{\376\377\000K\000n\000i\001\176\000n\000i\000c\000a\000\040\000O\000p\000e\000n\000M\000U\000C\000\040\000-\000\040\000j\0006\0000\0008\0007\0000}{appendix.A}% 54
\BOOKMARK [1][-]{section.A.5}{\376\377\000Q\000T\000e\000s\000t\000e\000r\000\040\0001\0000\0004}{appendix.A}% 55
\BOOKMARK [1][-]{section.A.6}{\376\377\000I\000E\000C\000\040\0006\0000\0008\0007\0000\000-\0005\000-\0001\0000\0004\000\040\000C\000l\000i\000e\000n\000t\000/\000S\000e\000r\000v\000e\000r\000\040\000S\000i\000m\000u\000l\000a\000t\000o\000r}{appendix.A}% 56
\BOOKMARK [0][-]{appendix.B}{\376\377\000I\000n\001\141\000t\000a\000l\000\341\000c\000i\000a\000\040\000C\000+\000+\000\040\000k\000n\000i\001\176\000n\000i\000c\000e\000\040\000p\000r\000e\000\040\000p\000r\000o\000t\000o\000k\000o\000l\000\040\000D\000L\000M\000S}{}% 57
